[2025-11-01 21:04:34.432] [error] [/home/cjw/workspace/InferenceEngine2/inference/onnxruntime/onnxruntime.cpp:111 Init] Ort::Session init failed: %s
[2025-11-01 21:04:47.607] [error] [/home/cjw/workspace/InferenceEngine2/inference/onnxruntime/onnxruntime.cpp:111 Init] Ort::Session init failed: %s
[2025-11-01 21:04:54.579] [error] [/home/cjw/workspace/InferenceEngine2/inference/onnxruntime/onnxruntime.cpp:111 Init] Ort::Session init failed: Load model from /home/cjw/workspace/InferenceEngine2/modelzoo/mnist/mnist.onnx failed:Load model /home/cjw/workspace/InferenceEngine2/modelzoo/mnist/mnist.onnx failed. File doesn't exist
[2025-11-01 21:05:44.324] [error] [/home/cjw/workspace/InferenceEngine2/inference/onnxruntime/onnxruntime.cpp:111 Init] Ort::Session init failed: Load model from /home/cjw/workspace/InferenceEngine2/modelzoo/mnist/mnist.onnx failed:Protobuf parsing failed.
[2025-11-01 21:08:22.596] [error] [onnxruntime.cpp:111 Init] Ort::Session init failed: Load model from /home/cjw/workspace/InferenceEngine2/modelzoo/mnist/mnist.onnx failed:Protobuf parsing failed.
[2025-11-01 21:09:41.436] [error] [onnxruntime.cpp:111 Init] Ort::Session init failed: Load model from /home/cjw/workspace/InferenceEngine2/modelzoo/mnist/mnist.onnx_external_data.onnx failed:Protobuf parsing failed.
[2025-11-01 21:14:33.889] [error] [onnxruntime.cpp:111 Init] Ort::Session init failed: Load model from /home/cjw/workspace/InferenceEngine2/modelzoo/mnist/mnist.onnx_external_data.onnx failed:Load model /home/cjw/workspace/InferenceEngine2/modelzoo/mnist/mnist.onnx_external_data.onnx failed. File doesn't exist
[2025-11-01 21:14:35.540] [error] [onnxruntime.cpp:111 Init] Ort::Session init failed: Load model from /home/cjw/workspace/InferenceEngine2/modelzoo/mnist/mnist.onnx_external_data.onnx failed:Load model /home/cjw/workspace/InferenceEngine2/modelzoo/mnist/mnist.onnx_external_data.onnx failed. File doesn't exist
[2025-11-01 21:14:55.486] [error] [onnxruntime.cpp:111 Init] Ort::Session init failed: Load model from /home/cjw/workspace/InferenceEngine2/modelzoo/mnist/mnist.onnx failed:Protobuf parsing failed.
[2025-11-01 21:58:23.131] [error] [onnxruntime.cpp:111 Init] Ort::Session init failed: Load model from /home/cjw/workspace/InferenceEngine2/modelzoo/mnist/mnist.onnx failed:Protobuf parsing failed.
[2025-11-01 22:02:08.004] [info] [mnist.cpp:11 main] model_path: 
[2025-11-01 22:02:08.027] [error] [onnxruntime.cpp:111 Init] Ort::Session init failed: Load model from  failed:Load model  failed. File doesn't exist
[2025-11-01 22:02:39.285] [info] [mnist.cpp:11 main] model_path: 
[2025-11-01 22:02:39.295] [error] [onnxruntime.cpp:111 Init] Ort::Session init failed: Load model from  failed:Load model  failed. File doesn't exist
[2025-11-01 22:02:59.382] [info] [mnist.cpp:11 main] model_path: 
[2025-11-01 22:02:59.391] [error] [onnxruntime.cpp:111 Init] Ort::Session init failed: Load model from  failed:Load model  failed. File doesn't exist
[2025-11-01 22:04:21.503] [info] [mnist.cpp:11 main] model_path: 
[2025-11-01 22:04:21.513] [error] [onnxruntime.cpp:111 Init] Ort::Session init failed: Load model from  failed:Load model  failed. File doesn't exist
[2025-11-01 22:04:43.810] [info] [mnist.cpp:12 main] model_path: /home/cjw/workspace/NNModelDeploy/onnx/customop/custom_kernel_one_model.onnx
[2025-11-01 22:04:43.824] [error] [onnxruntime.cpp:111 Init] Ort::Session init failed: Load model from /home/cjw/workspace/NNModelDeploy/onnx/customop/custom_kernel_one_model.onnx failed:This is an invalid model. In Node, ("", CustomOpOne, "v1", -1) : ("X": tensor(float),"Y": tensor(float),) -> ("Z": tensor(float),) , Error No opset import for domain 'v1'
[2025-11-01 22:05:29.190] [info] [mnist.cpp:12 main] model_path: /home/cjw/workspace/NNModelDeploy/onnx/onnx_create_modify/convnet.onnx
[2025-11-01 22:05:29.216] [error] [onnxruntime.cpp:111 Init] Ort::Session init failed: Load model from /home/cjw/workspace/NNModelDeploy/onnx/onnx_create_modify/convnet.onnx failed:/onnxruntime_src/onnxruntime/core/graph/model.cc:181 onnxruntime::Model::Model(onnx::ModelProto&&, const onnxruntime::PathString&, const onnxruntime::IOnnxRuntimeOpSchemaRegistryList*, const onnxruntime::logging::Logger&, const onnxruntime::ModelOptions&) Unsupported model IR version: 12, max supported IR version: 11

[2025-11-01 22:08:06.902] [info] [mnist.cpp:12 main] use model_path: /home/cjw/workspace/NNModelDeploy/onnx/onnx_create_modify/convnet.onnx
[2025-11-01 22:08:06.911] [error] [onnxruntime.cpp:111 Init] Ort::Session init failed: Load model from /home/cjw/workspace/NNModelDeploy/onnx/onnx_create_modify/convnet.onnx failed:/onnxruntime_src/onnxruntime/core/graph/model.cc:181 onnxruntime::Model::Model(onnx::ModelProto&&, const onnxruntime::PathString&, const onnxruntime::IOnnxRuntimeOpSchemaRegistryList*, const onnxruntime::logging::Logger&, const onnxruntime::ModelOptions&) Unsupported model IR version: 12, max supported IR version: 11

[2025-11-01 22:12:29.188] [info] [mnist.cpp:12 main] use model_path: /home/cjw/workspace/NNModelDeploy/onnx/model_add_process/mnist.onnx
[2025-11-01 22:12:29.244] [info] [onnxruntime.cpp:92 Init] input x, elem_type 1, elem_count 784, dims_count 4, symbolic_dims [,,,], shape [1,1,28,28]
[2025-11-01 22:12:41.831] [info] [mnist.cpp:12 main] use model_path: /home/cjw/workspace/NNModelDeploy/onnx/model_add_process/mnist.onnx
[2025-11-01 22:12:41.850] [info] [onnxruntime.cpp:92 Init] input x, elem_type 1, elem_count 784, dims_count 4, symbolic_dims [,,,], shape [1,1,28,28]
[2025-11-01 22:12:43.058] [info] [mnist.cpp:12 main] use model_path: /home/cjw/workspace/NNModelDeploy/onnx/model_add_process/mnist.onnx
[2025-11-01 22:12:43.076] [info] [onnxruntime.cpp:92 Init] input x, elem_type 1, elem_count 784, dims_count 4, symbolic_dims [,,,], shape [1,1,28,28]
[2025-11-01 22:13:51.287] [info] [mnist.cpp:12 main] use model_path: /home/cjw/workspace/InferenceEngine2/modelzoo/mnist/mnist.onnx
[2025-11-01 22:13:51.340] [info] [onnxruntime.cpp:92 Init] input x, elem_type 1, elem_count 784, dims_count 4, symbolic_dims [,,,], shape [1,1,28,28]
[2025-11-01 22:15:23.287] [info] [mnist.cpp:12 main] use model_path: /home/cjw/workspace/InferenceEngine2/modelzoo/mnist/mnist.onnx
[2025-11-01 22:15:23.310] [info] [onnxruntime.cpp:92 Init] input x, elem_type 1, elem_count 784, dims_count 4, symbolic_dims [,,,], shape [1,1,28,28]
[2025-11-01 22:16:14.340] [info] [mnist.cpp:12 main] use model_path: modelzoo/mnist/mnist.onnx
[2025-11-01 22:16:14.358] [info] [onnxruntime.cpp:92 Init] input x, elem_type 1, elem_count 784, dims_count 4, symbolic_dims [,,,], shape [1,1,28,28]
[2025-11-02 00:10:36.455] [info] [mnist.cpp:12 main] use model_path: modelzoo/mnist/mnist.onnx
[2025-11-02 00:10:36.782] [info] [onnxruntime.cpp:107 Init] input x, 
[2025-11-02 00:10:36.782] [info] [onnxruntime.cpp:128 Init] output linear_2, 
[2025-11-02 00:11:11.187] [info] [mnist.cpp:12 main] use model_path: modelzoo/mnist/mnist.onnx
[2025-11-02 00:11:11.420] [info] [onnxruntime.cpp:105 Init] input x, elem_type 1, elem_count 784, dims_count 4, symbolic_dims [,,,], shape [1,1,28,28]
[2025-11-02 00:11:11.420] [info] [onnxruntime.cpp:126 Init] output linear_2, elem_type 1, elem_count 10, dims_count 2, symbolic_dims [,], shape [1,10]
[2025-11-02 01:36:16.250] [info] [mnist.cpp:12 main] use model_path: modelzoo/mnist/mnist.onnx
[2025-11-02 01:36:16.546] [info] [onnxruntime.cpp:119 Init] input x, elem_type 1, elem_count 784, dims_count 4, symbolic_dims [,,,], shape [1,1,28,28]
[2025-11-02 01:36:16.546] [info] [onnxruntime.cpp:153 Init] output linear_2, elem_type 1, elem_count 10, dims_count 2, symbolic_dims [,], shape [1,10]
[2025-11-02 01:36:16.546] [error] [onnxruntime.cpp:195 Run] Ort::Session run failed: Invalid input name: ÃóÒ©…X
[2025-11-02 01:41:54.567] [info] [mnist.cpp:12 main] use model_path: modelzoo/mnist/mnist.onnx
[2025-11-02 01:41:54.793] [info] [onnxruntime.cpp:119 Init] input x, elem_type 1, elem_count 784, dims_count 4, symbolic_dims [,,,], shape [1,1,28,28]
[2025-11-02 01:41:54.793] [info] [onnxruntime.cpp:153 Init] output linear_2, elem_type 1, elem_count 10, dims_count 2, symbolic_dims [,], shape [1,10]
[2025-11-02 01:41:54.793] [error] [onnxruntime.cpp:195 Run] Ort::Session run failed: Invalid input name: nIð]
[2025-11-02 01:42:03.939] [info] [mnist.cpp:12 main] use model_path: modelzoo/mnist/mnist.onnx
[2025-11-02 01:42:04.182] [info] [onnxruntime.cpp:119 Init] input x, elem_type 1, elem_count 784, dims_count 4, symbolic_dims [,,,], shape [1,1,28,28]
[2025-11-02 01:42:04.182] [info] [onnxruntime.cpp:152 Init] output linear_2, elem_type 1, elem_count 10, dims_count 2, symbolic_dims [,], shape [1,10]
[2025-11-02 01:43:57.559] [info] [mnist.cpp:12 main] use model_path: modelzoo/mnist/mnist.onnx
[2025-11-02 01:43:57.875] [info] [onnxruntime.cpp:119 Init] input x, elem_type 1, elem_count 784, dims_count 4, symbolic_dims [,,,], shape [1,1,28,28]
[2025-11-02 01:43:57.875] [info] [onnxruntime.cpp:152 Init] output linear_2, elem_type 1, elem_count 10, dims_count 2, symbolic_dims [,], shape [1,10]
[2025-11-02 01:49:27.697] [info] [mnist.cpp:12 main] use model_path: modelzoo/mnist/mnist.onnx
[2025-11-02 01:49:27.987] [info] [onnxruntime.cpp:119 Init] input x, elem_type 1, elem_count 784, dims_count 4, symbolic_dims [,,,], shape [1,1,28,28]
[2025-11-02 01:50:57.542] [info] [mnist.cpp:12 main] use model_path: modelzoo/mnist/mnist.onnx
[2025-11-02 01:51:56.923] [info] [mnist.cpp:12 main] use model_path: modelzoo/mnist/mnist.onnx
[2025-11-02 01:59:10.842] [info] [mnist.cpp:12 main] use model_path: modelzoo/mnist/mnist.onnx
[2025-11-02 02:01:07.270] [info] [mnist.cpp:12 main] use model_path: modelzoo/mnist/mnist.onnx
[2025-11-02 02:07:11.913] [info] [mnist.cpp:12 main] use model_path: modelzoo/mnist/mnist.onnx
[2025-11-02 02:13:08.644] [info] [mnist.cpp:12 main] use model_path: modelzoo/mnist/mnist.onnx
[2025-11-02 02:14:47.493] [info] [mnist.cpp:12 main] use model_path: modelzoo/mnist/mnist.onnx
[2025-11-02 02:19:43.279] [info] [mnist.cpp:12 main] use model_path: modelzoo/mnist/mnist.onnx
[2025-11-02 02:20:21.794] [info] [mnist.cpp:12 main] use model_path: modelzoo/mnist/mnist.onnx
[2025-11-02 02:20:21.813] [info] [tensor.cpp:47 CreateTensorBuffer] Create tensor buffer with size: 3136
[2025-11-02 02:20:22.083] [info] [tensor.cpp:47 CreateTensorBuffer] Create tensor buffer with size: 40
[2025-11-02 02:22:26.758] [info] [mnist.cpp:12 main] use model_path: modelzoo/mnist/mnist.onnx
[2025-11-02 02:22:26.822] [info] [tensor.cpp:47 CreateTensorBuffer] Create tensor buffer with size: 3136
[2025-11-02 02:22:27.087] [info] [tensor.cpp:47 CreateTensorBuffer] Create tensor buffer with size: 40
[2025-11-02 02:22:46.274] [info] [mnist.cpp:12 main] use model_path: modelzoo/mnist/mnist.onnx
[2025-11-02 02:22:46.299] [info] [tensor.cpp:47 CreateTensorBuffer] Create tensor buffer with size: 3136
[2025-11-02 02:22:46.571] [info] [tensor.cpp:47 CreateTensorBuffer] Create tensor buffer with size: 40
[2025-11-02 02:27:42.051] [info] [mnist.cpp:12 main] use model_path: modelzoo/mnist/mnist.onnx
[2025-11-02 02:27:42.104] [info] [tensor.cpp:47 CreateTensorBuffer] Create tensor buffer with size: 3136
[2025-11-02 02:27:42.104] [critical] [buffer.cpp:26 allocate] CHECK host_ = malloc(size) error!!!
[2025-11-02 02:27:42.104] [info] [tensor.cpp:47 CreateTensorBuffer] Create tensor buffer with size: 40
[2025-11-02 02:27:42.104] [critical] [buffer.cpp:26 allocate] CHECK host_ = malloc(size) error!!!
[2025-11-02 02:28:33.596] [info] [mnist.cpp:12 main] use model_path: modelzoo/mnist/mnist.onnx
[2025-11-02 02:28:33.619] [info] [tensor.cpp:47 CreateTensorBuffer] Create tensor buffer with size: 3136
[2025-11-02 02:28:33.619] [info] [tensor.cpp:47 CreateTensorBuffer] Create tensor buffer with size: 40
